  [1m[36m (0.0ms)[0m  [1mCREATE TABLE "schema_migrations" ("version" varchar NOT NULL) [0m
  [1m[35m (0.0ms)[0m  select sqlite_version(*)
  [1m[36m (0.0ms)[0m  [1mCREATE UNIQUE INDEX "unique_schema_migrations" ON "schema_migrations" ("version")[0m
  [1m[35mActiveRecord::SchemaMigration Load (0.0ms)[0m  SELECT "schema_migrations".* FROM "schema_migrations"
Migrating to CreateUsers (20150611173921)
  [1m[36m (0.0ms)[0m  [1mbegin transaction[0m
  [1m[35m (0.0ms)[0m  CREATE TABLE "users" ("id" INTEGER PRIMARY KEY AUTOINCREMENT NOT NULL, "name" varchar, "email" varchar, "created_at" datetime NOT NULL, "updated_at" datetime NOT NULL) 
  [1m[36mSQL (0.0ms)[0m  [1mINSERT INTO "schema_migrations" ("version") VALUES (?)[0m  [["version", "20150611173921"]]
  [1m[35m (15.6ms)[0m  commit transaction
  [1m[36mActiveRecord::SchemaMigration Load (0.0ms)[0m  [1mSELECT "schema_migrations".* FROM "schema_migrations"[0m


Started GET "/" for ::1 at 2015-06-11 13:40:31 -0400
  [1m[36mActiveRecord::SchemaMigration Load (0.0ms)[0m  [1mSELECT "schema_migrations".* FROM "schema_migrations"[0m
Processing by Rails::WelcomeController#index as HTML
  Rendered c:/row/Ruby200/lib/ruby/gems/2.0.0/gems/railties-4.2.1/lib/rails/templates/rails/welcome/index.html.erb (3.0ms)
Completed 200 OK in 25ms (Views: 15.1ms | ActiveRecord: 0.0ms)


Started GET "/rails/info/properties" for ::1 at 2015-06-11 13:40:36 -0400
Processing by Rails::InfoController#properties as HTML
  [1m[35mActiveRecord::SchemaMigration Load (1.0ms)[0m  SELECT "schema_migrations".* FROM "schema_migrations"
  Rendered c:/row/Ruby200/lib/ruby/gems/2.0.0/gems/railties-4.2.1/lib/rails/templates/rails/info/properties.html.erb (1.0ms)
Completed 200 OK in 44ms (Views: 35.0ms | ActiveRecord: 1.0ms)


Started GET "/users/new" for ::1 at 2015-06-11 13:40:41 -0400
Processing by UsersController#new as HTML
  Rendered users/_form.html.erb (22.6ms)
  Rendered users/new.html.erb within layouts/application (31.6ms)
Completed 200 OK in 1885ms (Views: 1878.9ms | ActiveRecord: 0.0ms)


Started GET "/assets/scaffolds.self-8db408b146a77dd13216766ffd28cbe05d7108d600c2e67572da8bb6fb8a7491.css?body=1" for ::1 at 2015-06-11 13:40:43 -0400
  [1m[36mActiveRecord::SchemaMigration Load (0.0ms)[0m  [1mSELECT "schema_migrations".* FROM "schema_migrations"[0m
Migrating to CreateMicroposts (20150611175207)
  [1m[35m (1.0ms)[0m  begin transaction
  [1m[36m (2.4ms)[0m  [1mCREATE TABLE "microposts" ("id" INTEGER PRIMARY KEY AUTOINCREMENT NOT NULL, "content" varchar, "user_id" integer, "created_at" datetime NOT NULL, "updated_at" datetime NOT NULL) [0m
  [1m[35mSQL (0.0ms)[0m  INSERT INTO "schema_migrations" ("version") VALUES (?)  [["version", "20150611175207"]]
  [1m[36m (4.5ms)[0m  [1mcommit transaction[0m
  [1m[35mActiveRecord::SchemaMigration Load (0.0ms)[0m  SELECT "schema_migrations".* FROM "schema_migrations"


Started GET "/" for ::1 at 2015-06-11 13:54:02 -0400
  [1m[36mActiveRecord::SchemaMigration Load (0.0ms)[0m  [1mSELECT "schema_migrations".* FROM "schema_migrations"[0m
Processing by Rails::WelcomeController#index as HTML
  Rendered c:/row/Ruby200/lib/ruby/gems/2.0.0/gems/railties-4.2.1/lib/rails/templates/rails/welcome/index.html.erb (0.0ms)
Completed 200 OK in 3ms (Views: 2.0ms | ActiveRecord: 0.0ms)


Started GET "/microposts" for ::1 at 2015-06-11 13:54:18 -0400
Processing by MicropostsController#index as HTML
  [1m[35mMicropost Load (0.0ms)[0m  SELECT "microposts".* FROM "microposts"
  Rendered microposts/index.html.erb within layouts/application (2.0ms)
Completed 200 OK in 247ms (Views: 243.6ms | ActiveRecord: 0.0ms)


Started GET "/assets/microposts.self-e3b0c44298fc1c149afbf4c8996fb92427ae41e4649b934ca495991b7852b855.css?body=1" for ::1 at 2015-06-11 13:54:18 -0400


Started GET "/assets/microposts.self-877aef30ae1b040ab8a3aba4e3e309a11d7f2612f44dde450b5c157aa5f95c05.js?body=1" for ::1 at 2015-06-11 13:54:18 -0400


Started GET "/microposts/new" for ::1 at 2015-06-11 13:54:20 -0400
Processing by MicropostsController#new as HTML
  Rendered microposts/_form.html.erb (4.0ms)
  Rendered microposts/new.html.erb within layouts/application (7.0ms)
Completed 200 OK in 52ms (Views: 48.0ms | ActiveRecord: 1.0ms)


Started GET "/microposts" for ::1 at 2015-06-11 13:55:59 -0400
Processing by MicropostsController#index as HTML
  [1m[36mMicropost Load (0.0ms)[0m  [1mSELECT "microposts".* FROM "microposts"[0m
  Rendered microposts/index.html.erb within layouts/application (4.0ms)
Completed 200 OK in 74ms (Views: 72.0ms | ActiveRecord: 0.0ms)


Started GET "/microposts/new" for ::1 at 2015-06-11 13:56:01 -0400
Processing by MicropostsController#new as HTML
  Rendered microposts/_form.html.erb (2.0ms)
  Rendered microposts/new.html.erb within layouts/application (4.0ms)
Completed 200 OK in 50ms (Views: 46.0ms | ActiveRecord: 0.0ms)


Started GET "/microposts/new" for ::1 at 2015-06-11 13:57:26 -0400
Processing by MicropostsController#new as HTML
  Rendered microposts/_form.html.erb (2.0ms)
  Rendered microposts/new.html.erb within layouts/application (3.0ms)
Completed 200 OK in 87ms (Views: 74.1ms | ActiveRecord: 1.0ms)


Started GET "/user/new" for ::1 at 2015-06-11 13:57:35 -0400

ActionController::RoutingError (No route matches [GET] "/user/new"):
  actionpack (4.2.1) lib/action_dispatch/middleware/debug_exceptions.rb:21:in `call'
  web-console (2.1.2) lib/web_console/middleware.rb:37:in `call'
  actionpack (4.2.1) lib/action_dispatch/middleware/show_exceptions.rb:30:in `call'
  railties (4.2.1) lib/rails/rack/logger.rb:38:in `call_app'
  railties (4.2.1) lib/rails/rack/logger.rb:20:in `block in call'
  activesupport (4.2.1) lib/active_support/tagged_logging.rb:68:in `block in tagged'
  activesupport (4.2.1) lib/active_support/tagged_logging.rb:26:in `tagged'
  activesupport (4.2.1) lib/active_support/tagged_logging.rb:68:in `tagged'
  railties (4.2.1) lib/rails/rack/logger.rb:20:in `call'
  actionpack (4.2.1) lib/action_dispatch/middleware/request_id.rb:21:in `call'
  rack (1.6.1) lib/rack/methodoverride.rb:22:in `call'
  rack (1.6.1) lib/rack/runtime.rb:18:in `call'
  activesupport (4.2.1) lib/active_support/cache/strategy/local_cache_middleware.rb:28:in `call'
  rack (1.6.1) lib/rack/lock.rb:17:in `call'
  actionpack (4.2.1) lib/action_dispatch/middleware/static.rb:113:in `call'
  rack (1.6.1) lib/rack/sendfile.rb:113:in `call'
  railties (4.2.1) lib/rails/engine.rb:518:in `call'
  railties (4.2.1) lib/rails/application.rb:164:in `call'
  rack (1.6.1) lib/rack/lock.rb:17:in `call'
  rack (1.6.1) lib/rack/content_length.rb:15:in `call'
  rack (1.6.1) lib/rack/handler/webrick.rb:89:in `service'
  c:/row/Ruby200/lib/ruby/2.0.0/webrick/httpserver.rb:138:in `service'
  c:/row/Ruby200/lib/ruby/2.0.0/webrick/httpserver.rb:94:in `run'
  c:/row/Ruby200/lib/ruby/2.0.0/webrick/server.rb:295:in `block in start_thread'


  Rendered c:/row/Ruby200/lib/ruby/gems/2.0.0/gems/actionpack-4.2.1/lib/action_dispatch/middleware/templates/rescues/_trace.html.erb (1.0ms)
  Rendered c:/row/Ruby200/lib/ruby/gems/2.0.0/gems/actionpack-4.2.1/lib/action_dispatch/middleware/templates/routes/_route.html.erb (1.0ms)
  Rendered c:/row/Ruby200/lib/ruby/gems/2.0.0/gems/actionpack-4.2.1/lib/action_dispatch/middleware/templates/routes/_table.html.erb (3.0ms)
  Rendered c:/row/Ruby200/lib/ruby/gems/2.0.0/gems/actionpack-4.2.1/lib/action_dispatch/middleware/templates/rescues/_request_and_response.html.erb (2.0ms)
  Rendered c:/row/Ruby200/lib/ruby/gems/2.0.0/gems/actionpack-4.2.1/lib/action_dispatch/middleware/templates/rescues/routing_error.html.erb within rescues/layout (51.0ms)
  Rendered c:/row/Ruby200/lib/ruby/gems/2.0.0/gems/web-console-2.1.2/lib/web_console/templates/_markup.html.erb (1.0ms)
  Rendered c:/row/Ruby200/lib/ruby/gems/2.0.0/gems/web-console-2.1.2/lib/web_console/templates/style.css.erb within layouts/inlined_string (0.0ms)
  Rendered c:/row/Ruby200/lib/ruby/gems/2.0.0/gems/web-console-2.1.2/lib/web_console/templates/_inner_console_markup.html.erb within layouts/inlined_string (0.0ms)
  Rendered c:/row/Ruby200/lib/ruby/gems/2.0.0/gems/web-console-2.1.2/lib/web_console/templates/_prompt_box_markup.html.erb within layouts/inlined_string (1.0ms)
  Rendered c:/row/Ruby200/lib/ruby/gems/2.0.0/gems/web-console-2.1.2/lib/web_console/templates/console.js.erb within layouts/javascript (22.7ms)
  Rendered c:/row/Ruby200/lib/ruby/gems/2.0.0/gems/web-console-2.1.2/lib/web_console/templates/main.js.erb within layouts/javascript (0.0ms)
  Rendered c:/row/Ruby200/lib/ruby/gems/2.0.0/gems/web-console-2.1.2/lib/web_console/templates/error_page.js.erb within layouts/javascript (0.0ms)
  Rendered c:/row/Ruby200/lib/ruby/gems/2.0.0/gems/web-console-2.1.2/lib/web_console/templates/index.html.erb (53.7ms)


Started GET "/users/new" for ::1 at 2015-06-11 13:57:39 -0400
Processing by UsersController#new as HTML
Completed 500 Internal Server Error in 6ms (ActiveRecord: 0.0ms)

SyntaxError (c:/row/workspace/app1/app/models/user.rb:2: syntax error, unexpected ':', expecting keyword_end
	has_many : microposts
	          ^):
  app/models/user.rb:2: syntax error, unexpected ':', expecting keyword_end
  app/controllers/users_controller.rb:17:in `new'


  Rendered c:/row/Ruby200/lib/ruby/gems/2.0.0/gems/actionpack-4.2.1/lib/action_dispatch/middleware/templates/rescues/_source.erb (0.0ms)
  Rendered c:/row/Ruby200/lib/ruby/gems/2.0.0/gems/actionpack-4.2.1/lib/action_dispatch/middleware/templates/rescues/_trace.html.erb (2.0ms)
  Rendered c:/row/Ruby200/lib/ruby/gems/2.0.0/gems/actionpack-4.2.1/lib/action_dispatch/middleware/templates/rescues/_request_and_response.html.erb (1.0ms)
  Rendered c:/row/Ruby200/lib/ruby/gems/2.0.0/gems/actionpack-4.2.1/lib/action_dispatch/middleware/templates/rescues/diagnostics.html.erb within rescues/layout (27.1ms)
  Rendered c:/row/Ruby200/lib/ruby/gems/2.0.0/gems/web-console-2.1.2/lib/web_console/templates/_markup.html.erb (0.0ms)
  Rendered c:/row/Ruby200/lib/ruby/gems/2.0.0/gems/web-console-2.1.2/lib/web_console/templates/style.css.erb within layouts/inlined_string (0.0ms)
  Rendered c:/row/Ruby200/lib/ruby/gems/2.0.0/gems/web-console-2.1.2/lib/web_console/templates/_inner_console_markup.html.erb within layouts/inlined_string (0.0ms)
  Rendered c:/row/Ruby200/lib/ruby/gems/2.0.0/gems/web-console-2.1.2/lib/web_console/templates/_prompt_box_markup.html.erb within layouts/inlined_string (0.0ms)
  Rendered c:/row/Ruby200/lib/ruby/gems/2.0.0/gems/web-console-2.1.2/lib/web_console/templates/console.js.erb within layouts/javascript (23.0ms)
  Rendered c:/row/Ruby200/lib/ruby/gems/2.0.0/gems/web-console-2.1.2/lib/web_console/templates/main.js.erb within layouts/javascript (1.0ms)
  Rendered c:/row/Ruby200/lib/ruby/gems/2.0.0/gems/web-console-2.1.2/lib/web_console/templates/error_page.js.erb within layouts/javascript (0.0ms)
  Rendered c:/row/Ruby200/lib/ruby/gems/2.0.0/gems/web-console-2.1.2/lib/web_console/templates/index.html.erb (49.0ms)


Started GET "/users/new" for ::1 at 2015-06-11 13:57:59 -0400
Processing by UsersController#new as HTML
  Rendered users/_form.html.erb (2.0ms)
  Rendered users/new.html.erb within layouts/application (3.0ms)
Completed 200 OK in 54ms (Views: 42.0ms | ActiveRecord: 0.0ms)


Started POST "/users" for ::1 at 2015-06-11 13:58:05 -0400
Processing by UsersController#create as HTML
  Parameters: {"utf8"=>"✓", "authenticity_token"=>"s5Hz/k1AnyCeyKS3A0RqHWk+PmkXFaR94eHy1Fca49YxeVXYA0Rej2JzMcj54XibS1q1zbNpIf9A8vlBcYlJpQ==", "user"=>{"name"=>"de", "email"=>"34"}, "commit"=>"Create User"}
  [1m[35m (1.0ms)[0m  begin transaction
  [1m[36mSQL (0.0ms)[0m  [1mINSERT INTO "users" ("name", "email", "created_at", "updated_at") VALUES (?, ?, ?, ?)[0m  [["name", "de"], ["email", "34"], ["created_at", "2015-06-11 17:58:05.626307"], ["updated_at", "2015-06-11 17:58:05.626307"]]
  [1m[35m (2.0ms)[0m  commit transaction
Redirected to http://localhost:3000/users/1
Completed 302 Found in 12ms (ActiveRecord: 3.0ms)


Started GET "/users/1" for ::1 at 2015-06-11 13:58:05 -0400
Processing by UsersController#show as HTML
  Parameters: {"id"=>"1"}
  [1m[36mUser Load (1.0ms)[0m  [1mSELECT  "users".* FROM "users" WHERE "users"."id" = ? LIMIT 1[0m  [["id", 1]]
  Rendered users/show.html.erb within layouts/application (1.0ms)
Completed 200 OK in 84ms (Views: 73.0ms | ActiveRecord: 1.0ms)


Started GET "/users" for ::1 at 2015-06-11 13:58:08 -0400
Processing by UsersController#index as HTML
  [1m[35mUser Load (0.0ms)[0m  SELECT "users".* FROM "users"
  Rendered users/index.html.erb within layouts/application (3.0ms)
Completed 200 OK in 46ms (Views: 46.0ms | ActiveRecord: 0.0ms)


Started GET "/microposts" for ::1 at 2015-06-11 13:58:13 -0400
Processing by MicropostsController#index as HTML
  [1m[36mMicropost Load (0.0ms)[0m  [1mSELECT "microposts".* FROM "microposts"[0m
  Rendered microposts/index.html.erb within layouts/application (3.0ms)
Completed 200 OK in 80ms (Views: 77.1ms | ActiveRecord: 0.0ms)


Started GET "/microposts/new" for ::1 at 2015-06-11 13:58:15 -0400
Processing by MicropostsController#new as HTML
  Rendered microposts/_form.html.erb (1.0ms)
  Rendered microposts/new.html.erb within layouts/application (3.2ms)
Completed 200 OK in 45ms (Views: 41.2ms | ActiveRecord: 0.0ms)
  [1m[36mUser Load (0.0ms)[0m  [1mSELECT  "users".* FROM "users"  ORDER BY "users"."id" ASC LIMIT 1[0m
